09:20:31.072 INFO  None a.e.s.Slf4jLogger - Slf4jLogger started
09:20:31.080 DEBUG EventStream(akka://ENSIME) a.e.EventStream - logger log1-Slf4jLogger started
09:20:31.082 DEBUG EventStream(akka://ENSIME) a.e.EventStream - Default Loggers started
09:20:31.108 INFO  None o.a.c.v.i.StandardFileSystemManager - Using "/var/folders/rk/cjxzh6p50sn82t6sbf3p69y00000gn/T/vfs_cache" as temporary files store.
09:20:31.143 DEBUG akka://ENSIME/system/IO-TCP/selectors/$a/0 a.i.TcpListener - Successfully bound to /127.0.0.1:59178
09:20:31.146 INFO  akka://ENSIME/user/ensime-main/tcp-server o.e.s.t.TCPServer - Bound server on port 59178
09:20:31.151 INFO  None o.e.s.PortUtil$ - creating port file: /Users/ian/projects/java/pungwedb/core/.ensime_cache.d/port
09:20:31.508 INFO  None o.e.i.d.DatabaseService - creating the search database...
09:20:31.722 INFO  None c.z.h.HikariDataSource - HikariCP pool HikariPool-0 is starting.
09:20:31.752 DEBUG akka://ENSIME/system/IO-TCP/selectors/$a/1 a.i.TcpListener - Successfully bound to /127.0.0.1:59179
09:20:31.753 INFO  akka://ENSIME/user/ensime-main o.e.s.ServerActor - Environment:
09:20:31.753 INFO  akka://ENSIME/user/ensime-main o.e.s.ServerActor -   OS : Mac OS X
09:20:31.754 INFO  akka://ENSIME/user/ensime-main o.e.s.ServerActor -   Java : Java HotSpot(TM) 64-Bit Server VM 25.92-b14, Java(TM) SE Runtime Environment 1.8.0_92-b14
09:20:31.754 INFO  akka://ENSIME/user/ensime-main o.e.s.ServerActor -   Scala version: version 2.11.7
09:20:31.754 INFO  akka://ENSIME/user/ensime-main o.e.s.ServerActor -   Ensime : 0.9.10-SNAPSHOT
09:20:31.756 INFO  akka://ENSIME/user/ensime-main o.e.s.ServerActor -   Built with Scala version: 2.11.8
09:20:31.757 INFO  akka://ENSIME/user/ensime-main o.e.s.ServerActor -   Built with sbt version: 0.13.11
09:20:31.757 INFO  akka://ENSIME/user/ensime-main o.e.s.ServerActor -   Built from git sha: 552f18aa25be0484415d935cc54b35634a6e2e26
09:20:31.757 INFO  akka://ENSIME/user/ensime-main o.e.s.ServerActor -   Built on: 2016-05-31 21:40:56.971
09:20:31.759 INFO  akka://ENSIME/user/ensime-main o.e.s.ServerActor - ENSIME HTTP on /127.0.0.1
09:20:31.759 INFO  None o.e.s.PortUtil$ - creating port file: /Users/ian/projects/java/pungwedb/core/.ensime_cache.d/http
09:20:31.908 DEBUG akka://ENSIME/system/IO-TCP/selectors/$a/1 a.i.TcpListener - New connection accepted
09:20:31.927 INFO  None o.e.i.d.DatabaseService - ... created the search database
09:20:31.940 DEBUG None o.e.f.FileWatchService - init watcher
09:20:31.946 DEBUG None o.e.f.FileWatchService - start a background monitoring thread
09:20:31.947 DEBUG None o.e.f.FileWatchService - start monitoring WatchService events
09:20:31.981 DEBUG None o.e.f.FileWatchService - init watcher
09:20:31.981 DEBUG None o.e.f.FileWatchService - start a background monitoring thread
09:20:31.981 DEBUG None o.e.f.FileWatchService - start monitoring WatchService events
09:20:31.982 DEBUG None o.e.f.FileWatchService - init watcher
09:20:31.982 DEBUG None o.e.f.FileWatchService - start a background monitoring thread
09:20:31.982 DEBUG None o.e.f.FileWatchService - start monitoring WatchService events
09:20:32.347 DEBUG akka://ENSIME/user/$a/1 o.e.s.RequestHandler - ConnectionInfoReq
09:20:32.348 DEBUG akka://ENSIME/user/ensime-main/project o.e.c.Project - received handled message ConnectionInfoReq in state awaitingConnectionInfoReq
09:20:32.350 DEBUG akka://ENSIME/user/$a/1 o.e.s.RequestHandler - received handled message ConnectionInfo(None,EnsimeImplementation(ENSIME),0.8.21) in state receive
09:20:32.494 WARN  akka://ENSIME/user/ensime-main/project o.e.c.Project - Detected a pure Java project. Scala queries are not available.
09:20:32.506 DEBUG akka://ENSIME/user/$a o.e.s.ConnectionHandler - received handled message AnalyzerReadyEvent
09:20:32.508 DEBUG None o.e.i.SearchService - findStaleFileChecks
09:20:32.509 DEBUG None o.e.i.SearchService - removing 0 stale files from the index
09:20:32.522 DEBUG None o.e.i.SearchService - Indexing bases...
09:20:32.530 DEBUG None o.e.i.SearchService - indexing file:///Users/ian/.gradle/caches/modules-2/files-2.1/joda-time/joda-time/2.9.2/36d6e77a419cb455e6fd5909f6f96b168e21e9d0/joda-time-2.9.2.jar
09:20:32.532 DEBUG None o.e.i.SearchService - indexing file:///Users/ian/.gradle/caches/modules-2/files-2.1/org.slf4j/slf4j-log4j12/1.7.21/7238b064d1aba20da2ac03217d700d91e02460fa/slf4j-log4j12-1.7.21.jar
09:20:32.533 DEBUG None o.e.i.SearchService - indexing file:///Users/ian/.gradle/caches/modules-2/files-2.1/org.springframework/spring-test/4.2.4.RELEASE/6efb87acf8050fc83334ffac305eb91371787283/spring-test-4.2.4.RELEASE.jar
09:20:32.533 DEBUG None o.e.i.SearchService - indexing file:///Library/Java/JavaVirtualMachines/jdk1.8.0_92.jdk/Contents/Home/jre/lib/rt.jar
09:20:32.647 DEBUG None o.e.i.SearchService - indexing file:///Users/ian/.gradle/caches/modules-2/files-2.1/org.apache.commons/commons-lang3/3.4/5fe28b9518e58819180a43a850fbc0dd24b7c050/commons-lang3-3.4.jar
09:20:32.647 DEBUG None o.e.i.SearchService - indexing file:///Users/ian/.gradle/caches/modules-2/files-2.1/junit/junit/4.12/2973d150c0dc1fefe998f834810d68f278ea58ec/junit-4.12.jar
09:20:32.647 DEBUG None o.e.i.SearchService - indexing file:///Users/ian/.gradle/caches/modules-2/files-2.1/org.hamcrest/hamcrest-core/1.3/42a25dc3219429f0e5d060061f71acb49bf010a0/hamcrest-core-1.3.jar
09:20:32.844 DEBUG None o.e.i.SearchService - indexing file:///Users/ian/.gradle/caches/modules-2/files-2.1/org.springframework/spring-core/4.2.4.RELEASE/160ccd89230753d4f49477a967f5876b034d9745/spring-core-4.2.4.RELEASE.jar
09:20:32.892 DEBUG None o.e.i.SearchService - indexing file:///Users/ian/.gradle/caches/modules-2/files-2.1/net.jpountz.lz4/lz4/1.3.0/c708bb2590c0652a642236ef45d9f99ff842a2ce/lz4-1.3.0.jar
09:20:32.970 DEBUG None o.e.i.SearchService - indexing file:///Users/ian/.gradle/caches/modules-2/files-2.1/log4j/log4j/1.2.17/5af35056b4d257e4b64b9e8069c0746e8b08629f/log4j-1.2.17.jar
09:20:33.349 DEBUG None o.e.i.SearchService - indexing file:///Users/ian/.gradle/caches/modules-2/files-2.1/org.slf4j/slf4j-api/1.7.13/7fcf30c25b8f4a9379b9dad0d3f487b25272c026/slf4j-api-1.7.13.jar
09:20:41.350 DEBUG None o.e.i.SearchService - committing index to disk...
09:20:41.909 DEBUG None o.e.i.SearchService - ...done committing index
09:20:41.910 DEBUG akka://ENSIME/user/ensime-main/project o.e.c.Project - created 62872 and removed 0 searchable rows
09:20:41.910 DEBUG akka://ENSIME/user/$a o.e.s.ConnectionHandler - received handled message IndexerReadyEvent
09:21:19.823 DEBUG akka://ENSIME/user/$a/2 o.e.s.RequestHandler - RefactorReq(2,OrganiseImportsRefactorDesc(/Users/ian/projects/java/pungwedb/core/src/main/java/com/pungwe/db/core/io/store/AppendOnlyStore.java),false)
09:21:19.824 DEBUG akka://ENSIME/user/ensime-main/project o.e.c.Project - received handled message RefactorReq(2,OrganiseImportsRefactorDesc(/Users/ian/projects/java/pungwedb/core/src/main/java/com/pungwe/db/core/io/store/AppendOnlyStore.java),false) in state handleRequests
09:21:19.825 INFO  akka://ENSIME/deadLetters a.a.DeadLetterActorRef - Message [org.ensime.api.RefactorReq] from Actor[akka://ENSIME/user/$a/2#-195616963] to Actor[akka://ENSIME/deadLetters] was not delivered. [1] dead letters encountered. This logging can be turned off or adjusted with configuration settings 'akka.log-
09:21:32.095 DEBUG akka://ENSIME/user/ensime-main/project o.e.c.Project - received handled message AskReTypecheck in state handleRequests
09:21:32.095 DEBUG akka://ENSIME/user/ensime-main/project o.e.c.Project - received handled message AskReTypecheck in state handleRequests
09:21:32.096 DEBUG akka://ENSIME/user/ensime-main/project o.e.c.Project - received handled message AskReTypecheck in state handleRequests
09:21:32.096 DEBUG akka://ENSIME/user/ensime-main/project o.e.c.Project - received handled message AskReTypecheck in state handleRequests
09:21:32.096 DEBUG akka://ENSIME/user/ensime-main/project o.e.c.Project - received handled message AskReTypecheck in state handleRequests
09:21:32.096 DEBUG akka://ENSIME/user/ensime-main/project o.e.c.Project - received handled message AskReTypecheck in state handleRequests
09:21:32.096 DEBUG akka://ENSIME/user/ensime-main/project o.e.c.Project - received handled message AskReTypecheck in state handleRequests
09:21:32.096 DEBUG akka://ENSIME/user/ensime-main/project o.e.c.Project - received handled message AskReTypecheck in state handleRequests
09:21:32.096 DEBUG akka://ENSIME/user/ensime-main/project o.e.c.Project - received handled message AskReTypecheck in state handleRequests
09:21:32.096 DEBUG akka://ENSIME/user/ensime-main/project o.e.c.Project - received handled message AskReTypecheck in state handleRequests
09:21:32.097 DEBUG akka://ENSIME/user/ensime-main/project o.e.c.Project - received handled message AskReTypecheck in state handleRequests
09:21:32.097 DEBUG akka://ENSIME/user/ensime-main/project o.e.c.Project - received handled message AskReTypecheck in state handleRequests
09:21:32.097 DEBUG akka://ENSIME/user/ensime-main/project o.e.c.Project - received handled message AskReTypecheck in state handleRequests
09:21:32.097 DEBUG akka://ENSIME/user/ensime-main/project o.e.c.Project - received handled message AskReTypecheck in state handleRequests
09:21:32.097 DEBUG akka://ENSIME/user/ensime-main/project o.e.c.Project - received handled message AskReTypecheck in state handleRequests
09:21:32.097 DEBUG akka://ENSIME/user/ensime-main/project o.e.c.Project - received handled message AskReTypecheck in state handleRequests
09:21:32.145 DEBUG akka://ENSIME/user/ensime-main/project o.e.c.Project - received handled message AskReTypecheck in state handleRequests
09:21:32.166 DEBUG akka://ENSIME/user/ensime-main/project o.e.c.Project - received handled message AskReTypecheck in state handleRequests
09:21:32.166 DEBUG akka://ENSIME/user/ensime-main/project o.e.c.Project - received handled message AskReTypecheck in state handleRequests
09:21:32.166 DEBUG akka://ENSIME/user/ensime-main/project o.e.c.Project - received handled message AskReTypecheck in state handleRequests
09:21:32.191 DEBUG akka://ENSIME/user/ensime-main/project o.e.c.Project - received handled message AskReTypecheck in state handleRequests
09:21:32.192 DEBUG akka://ENSIME/user/ensime-main/project o.e.c.Project - received handled message AskReTypecheck in state handleRequests
09:21:32.193 DEBUG akka://ENSIME/user/ensime-main/project o.e.c.Project - received handled message AskReTypecheck in state handleRequests
09:21:32.218 DEBUG akka://ENSIME/user/ensime-main/project o.e.c.Project - received handled message AskReTypecheck in state handleRequests
09:21:32.218 DEBUG akka://ENSIME/user/ensime-main/project o.e.c.Project - received handled message AskReTypecheck in state handleRequests
09:21:32.218 DEBUG akka://ENSIME/user/ensime-main/project o.e.c.Project - received handled message AskReTypecheck in state handleRequests
09:21:32.219 DEBUG akka://ENSIME/user/ensime-main/project o.e.c.Project - received handled message AskReTypecheck in state handleRequests
09:21:32.219 DEBUG akka://ENSIME/user/ensime-main/project o.e.c.Project - received handled message AskReTypecheck in state handleRequests
09:21:32.219 DEBUG akka://ENSIME/user/ensime-main/project o.e.c.Project - received handled message AskReTypecheck in state handleRequests
09:21:32.219 DEBUG akka://ENSIME/user/ensime-main/project o.e.c.Project - received handled message AskReTypecheck in state handleRequests
09:21:32.219 DEBUG akka://ENSIME/user/ensime-main/project o.e.c.Project - received handled message AskReTypecheck in state handleRequests
09:21:32.219 DEBUG akka://ENSIME/user/ensime-main/project o.e.c.Project - received handled message AskReTypecheck in state handleRequests
09:21:32.220 DEBUG akka://ENSIME/user/ensime-main/project o.e.c.Project - received handled message AskReTypecheck in state handleRequests
09:21:32.220 DEBUG akka://ENSIME/user/ensime-main/project o.e.c.Project - received handled message AskReTypecheck in state handleRequests
09:21:32.220 DEBUG akka://ENSIME/user/ensime-main/project o.e.c.Project - received handled message AskReTypecheck in state handleRequests
09:21:32.245 DEBUG akka://ENSIME/user/ensime-main/project o.e.c.Project - received handled message AskReTypecheck in state handleRequests
09:21:32.245 DEBUG akka://ENSIME/user/ensime-main/project o.e.c.Project - received handled message AskReTypecheck in state handleRequests
09:21:37.263 INFO  akka://ENSIME/deadLetters a.a.DeadLetterActorRef - Message [org.ensime.api.ReloadExistingFilesEvent$] from Actor[akka://ENSIME/user/ensime-main/project#-1351034461] to Actor[akka://ENSIME/deadLetters] was not delivered. [2] dead letters encountered. This logging can be turned off or adjusted with con
09:21:37.264 DEBUG akka://ENSIME/user/ClassfileIndexer o.e.i.IndexingQueueActor - Indexing 37 files
09:21:42.094 DEBUG akka://ENSIME/user/ensime-main/project o.e.c.Project - received handled message AskReTypecheck in state handleRequests
09:21:42.094 DEBUG akka://ENSIME/user/ensime-main/project o.e.c.Project - received handled message AskReTypecheck in state handleRequests
09:21:42.095 DEBUG akka://ENSIME/user/ensime-main/project o.e.c.Project - received handled message AskReTypecheck in state handleRequests
09:21:42.095 DEBUG akka://ENSIME/user/ensime-main/project o.e.c.Project - received handled message AskReTypecheck in state handleRequests
09:21:42.095 DEBUG akka://ENSIME/user/ensime-main/project o.e.c.Project - received handled message AskReTypecheck in state handleRequests
09:21:42.095 DEBUG akka://ENSIME/user/ensime-main/project o.e.c.Project - received handled message AskReTypecheck in state handleRequests
09:21:42.095 DEBUG akka://ENSIME/user/ensime-main/project o.e.c.Project - received handled message AskReTypecheck in state handleRequests
09:21:42.095 DEBUG akka://ENSIME/user/ensime-main/project o.e.c.Project - received handled message AskReTypecheck in state handleRequests
09:21:42.096 DEBUG akka://ENSIME/user/ensime-main/project o.e.c.Project - received handled message AskReTypecheck in state handleRequests
09:21:42.096 DEBUG akka://ENSIME/user/ensime-main/project o.e.c.Project - received handled message AskReTypecheck in state handleRequests
09:21:42.096 DEBUG akka://ENSIME/user/ensime-main/project o.e.c.Project - received handled message AskReTypecheck in state handleRequests
09:21:42.096 DEBUG akka://ENSIME/user/ensime-main/project o.e.c.Project - received handled message AskReTypecheck in state handleRequests
09:21:42.096 DEBUG akka://ENSIME/user/ensime-main/project o.e.c.Project - received handled message AskReTypecheck in state handleRequests
09:21:42.096 DEBUG akka://ENSIME/user/ensime-main/project o.e.c.Project - received handled message AskReTypecheck in state handleRequests
09:21:42.096 DEBUG akka://ENSIME/user/ensime-main/project o.e.c.Project - received handled message AskReTypecheck in state handleRequests
09:21:42.097 DEBUG akka://ENSIME/user/ensime-main/project o.e.c.Project - received handled message AskReTypecheck in state handleRequests
09:21:42.143 DEBUG akka://ENSIME/user/ensime-main/project o.e.c.Project - received handled message AskReTypecheck in state handleRequests
09:21:42.166 DEBUG akka://ENSIME/user/ensime-main/project o.e.c.Project - received handled message AskReTypecheck in state handleRequests
09:21:42.166 DEBUG akka://ENSIME/user/ensime-main/project o.e.c.Project - received handled message AskReTypecheck in state handleRequests
09:21:42.166 DEBUG akka://ENSIME/user/ensime-main/project o.e.c.Project - received handled message AskReTypecheck in state handleRequests
09:21:42.191 DEBUG akka://ENSIME/user/ensime-main/project o.e.c.Project - received handled message AskReTypecheck in state handleRequests
09:21:47.205 INFO  akka://ENSIME/deadLetters a.a.DeadLetterActorRef - Message [org.ensime.api.ReloadExistingFilesEvent$] from Actor[akka://ENSIME/user/ensime-main/project#-1351034461] to Actor[akka://ENSIME/deadLetters] was not delivered. [3] dead letters encountered. This logging can be turned off or adjusted with con
09:21:47.205 DEBUG akka://ENSIME/user/ClassfileIndexer o.e.i.IndexingQueueActor - Indexing 21 files
09:22:02.093 DEBUG akka://ENSIME/user/ensime-main/project o.e.c.Project - received handled message AskReTypecheck in state handleRequests
09:22:02.093 DEBUG akka://ENSIME/user/ensime-main/project o.e.c.Project - received handled message AskReTypecheck in state handleRequests
09:22:02.093 DEBUG akka://ENSIME/user/ensime-main/project o.e.c.Project - received handled message AskReTypecheck in state handleRequests
09:22:02.093 DEBUG akka://ENSIME/user/ensime-main/project o.e.c.Project - received handled message AskReTypecheck in state handleRequests
09:22:02.093 DEBUG akka://ENSIME/user/ensime-main/project o.e.c.Project - received handled message AskReTypecheck in state handleRequests
09:22:02.093 DEBUG akka://ENSIME/user/ensime-main/project o.e.c.Project - received handled message AskReTypecheck in state handleRequests
09:22:02.093 DEBUG akka://ENSIME/user/ensime-main/project o.e.c.Project - received handled message AskReTypecheck in state handleRequests
09:22:02.094 DEBUG akka://ENSIME/user/ensime-main/project o.e.c.Project - received handled message AskReTypecheck in state handleRequests
09:22:02.094 DEBUG akka://ENSIME/user/ensime-main/project o.e.c.Project - received handled message AskReTypecheck in state handleRequests
09:22:02.094 DEBUG akka://ENSIME/user/ensime-main/project o.e.c.Project - received handled message AskReTypecheck in state handleRequests
09:22:02.094 DEBUG akka://ENSIME/user/ensime-main/project o.e.c.Project - received handled message AskReTypecheck in state handleRequests
09:22:02.094 DEBUG akka://ENSIME/user/ensime-main/project o.e.c.Project - received handled message AskReTypecheck in state handleRequests
09:22:02.094 DEBUG akka://ENSIME/user/ensime-main/project o.e.c.Project - received handled message AskReTypecheck in state handleRequests
09:22:02.094 DEBUG akka://ENSIME/user/ensime-main/project o.e.c.Project - received handled message AskReTypecheck in state handleRequests
09:22:02.094 DEBUG akka://ENSIME/user/ensime-main/project o.e.c.Project - received handled message AskReTypecheck in state handleRequests
09:22:02.095 DEBUG akka://ENSIME/user/ensime-main/project o.e.c.Project - received handled message AskReTypecheck in state handleRequests
09:22:02.142 DEBUG akka://ENSIME/user/ensime-main/project o.e.c.Project - received handled message AskReTypecheck in state handleRequests
09:22:02.164 DEBUG akka://ENSIME/user/ensime-main/project o.e.c.Project - received handled message AskReTypecheck in state handleRequests
09:22:02.164 DEBUG akka://ENSIME/user/ensime-main/project o.e.c.Project - received handled message AskReTypecheck in state handleRequests
09:22:02.164 DEBUG akka://ENSIME/user/ensime-main/project o.e.c.Project - received handled message AskReTypecheck in state handleRequests
09:22:02.188 DEBUG akka://ENSIME/user/ensime-main/project o.e.c.Project - received handled message AskReTypecheck in state handleRequests
09:22:07.204 INFO  akka://ENSIME/deadLetters a.a.DeadLetterActorRef - Message [org.ensime.api.ReloadExistingFilesEvent$] from Actor[akka://ENSIME/user/ensime-main/project#-1351034461] to Actor[akka://ENSIME/deadLetters] was not delivered. [4] dead letters encountered. This logging can be turned off or adjusted with con
09:22:07.204 DEBUG akka://ENSIME/user/ClassfileIndexer o.e.i.IndexingQueueActor - Indexing 21 files
org.apache.commons.vfs2.FileSystemException: Could not determine the last modified timestamp of "file:///Users/ian/projects/java/pungwedb/core/build/classes/main/com/pungwe/db/core/collections/BaseMap$EntrySet.class" because it does not exist.
	at org.apache.commons.vfs2.provider.DefaultFileContent.getLastModifiedTime(DefaultFileContent.java:171)
	at org.ensime.indexer.database.DatabaseService$FileCheck$.apply(DatabaseService.scala:122)
	at org.ensime.indexer.IndexingQueueActor$$anonfun$receive$1$$anonfun$applyOrElse$2$$anonfun$apply$13$$anonfun$apply$14.apply(SearchService.scala:344)
	at org.ensime.indexer.IndexingQueueActor$$anonfun$receive$1$$anonfun$applyOrElse$2$$anonfun$apply$13$$anonfun$apply$14.apply(SearchService.scala:341)
	at scala.collection.immutable.List.foreach(List.scala:381)
	at org.ensime.indexer.IndexingQueueActor$$anonfun$receive$1$$anonfun$applyOrElse$2$$anonfun$apply$13.apply(SearchService.scala:341)
	at org.ensime.indexer.IndexingQueueActor$$anonfun$receive$1$$anonfun$applyOrElse$2$$anonfun$apply$13.apply(SearchService.scala:337)
	at scala.concurrent.impl.CallbackRunnable.run(Promise.scala:32)
	at scala.concurrent.impl.ExecutionContextImpl$AdaptedForkJoinTask.exec(ExecutionContextImpl.scala:121)
	at scala.concurrent.forkjoin.ForkJoinTask.doExec(ForkJoinTask.java:260)
	at scala.concurrent.forkjoin.ForkJoinPool$WorkQueue.runTask(ForkJoinPool.java:1339)
	at scala.concurrent.forkjoin.ForkJoinPool.runWorker(ForkJoinPool.java:1979)
	at scala.concurrent.forkjoin.ForkJoinWorkerThread.run(ForkJoinWorkerThread.java:107)
09:22:12.094 DEBUG akka://ENSIME/user/ensime-main/project o.e.c.Project - received handled message AskReTypecheck in state handleRequests
09:22:12.095 DEBUG akka://ENSIME/user/ensime-main/project o.e.c.Project - received handled message AskReTypecheck in state handleRequests
09:22:12.095 DEBUG akka://ENSIME/user/ensime-main/project o.e.c.Project - received handled message AskReTypecheck in state handleRequests
09:22:12.095 DEBUG akka://ENSIME/user/ensime-main/project o.e.c.Project - received handled message AskReTypecheck in state handleRequests
09:22:12.095 DEBUG akka://ENSIME/user/ensime-main/project o.e.c.Project - received handled message AskReTypecheck in state handleRequests
09:22:12.095 DEBUG akka://ENSIME/user/ensime-main/project o.e.c.Project - received handled message AskReTypecheck in state handleRequests
09:22:12.095 DEBUG akka://ENSIME/user/ensime-main/project o.e.c.Project - received handled message AskReTypecheck in state handleRequests
09:22:12.096 DEBUG akka://ENSIME/user/ensime-main/project o.e.c.Project - received handled message AskReTypecheck in state handleRequests
09:22:12.096 DEBUG akka://ENSIME/user/ensime-main/project o.e.c.Project - received handled message AskReTypecheck in state handleRequests
09:22:12.096 DEBUG akka://ENSIME/user/ensime-main/project o.e.c.Project - received handled message AskReTypecheck in state handleRequests
09:22:12.096 DEBUG akka://ENSIME/user/ensime-main/project o.e.c.Project - received handled message AskReTypecheck in state handleRequests
09:22:12.096 DEBUG akka://ENSIME/user/ensime-main/project o.e.c.Project - received handled message AskReTypecheck in state handleRequests
09:22:12.096 DEBUG akka://ENSIME/user/ensime-main/project o.e.c.Project - received handled message AskReTypecheck in state handleRequests
09:22:12.096 DEBUG akka://ENSIME/user/ensime-main/project o.e.c.Project - received handled message AskReTypecheck in state handleRequests
09:22:12.096 DEBUG akka://ENSIME/user/ensime-main/project o.e.c.Project - received handled message AskReTypecheck in state handleRequests
09:22:12.096 DEBUG akka://ENSIME/user/ensime-main/project o.e.c.Project - received handled message AskReTypecheck in state handleRequests
09:22:12.144 DEBUG akka://ENSIME/user/ensime-main/project o.e.c.Project - received handled message AskReTypecheck in state handleRequests
09:22:12.165 DEBUG akka://ENSIME/user/ensime-main/project o.e.c.Project - received handled message AskReTypecheck in state handleRequests
09:22:12.165 DEBUG akka://ENSIME/user/ensime-main/project o.e.c.Project - received handled message AskReTypecheck in state handleRequests
09:22:12.165 DEBUG akka://ENSIME/user/ensime-main/project o.e.c.Project - received handled message AskReTypecheck in state handleRequests
09:22:12.189 DEBUG akka://ENSIME/user/ensime-main/project o.e.c.Project - received handled message AskReTypecheck in state handleRequests
09:22:12.189 DEBUG akka://ENSIME/user/ensime-main/project o.e.c.Project - received handled message AskReTypecheck in state handleRequests
09:22:12.190 DEBUG akka://ENSIME/user/ensime-main/project o.e.c.Project - received handled message AskReTypecheck in state handleRequests
09:22:12.213 DEBUG akka://ENSIME/user/ensime-main/project o.e.c.Project - received handled message AskReTypecheck in state handleRequests
09:22:12.214 DEBUG akka://ENSIME/user/ensime-main/project o.e.c.Project - received handled message AskReTypecheck in state handleRequests
09:22:12.214 DEBUG akka://ENSIME/user/ensime-main/project o.e.c.Project - received handled message AskReTypecheck in state handleRequests
09:22:12.214 DEBUG akka://ENSIME/user/ensime-main/project o.e.c.Project - received handled message AskReTypecheck in state handleRequests
09:22:12.214 DEBUG akka://ENSIME/user/ensime-main/project o.e.c.Project - received handled message AskReTypecheck in state handleRequests
09:22:12.214 DEBUG akka://ENSIME/user/ensime-main/project o.e.c.Project - received handled message AskReTypecheck in state handleRequests
09:22:12.214 DEBUG akka://ENSIME/user/ensime-main/project o.e.c.Project - received handled message AskReTypecheck in state handleRequests
09:22:12.214 DEBUG akka://ENSIME/user/ensime-main/project o.e.c.Project - received handled message AskReTypecheck in state handleRequests
09:22:12.214 DEBUG akka://ENSIME/user/ensime-main/project o.e.c.Project - received handled message AskReTypecheck in state handleRequests
09:22:12.214 DEBUG akka://ENSIME/user/ensime-main/project o.e.c.Project - received handled message AskReTypecheck in state handleRequests
09:22:12.215 DEBUG akka://ENSIME/user/ensime-main/project o.e.c.Project - received handled message AskReTypecheck in state handleRequests
09:22:12.215 DEBUG akka://ENSIME/user/ensime-main/project o.e.c.Project - received handled message AskReTypecheck in state handleRequests
09:22:12.240 DEBUG akka://ENSIME/user/ensime-main/project o.e.c.Project - received handled message AskReTypecheck in state handleRequests
09:22:12.240 DEBUG akka://ENSIME/user/ensime-main/project o.e.c.Project - received handled message AskReTypecheck in state handleRequests
09:22:12.287 DEBUG akka://ENSIME/user/ensime-main/project o.e.c.Project - received handled message AskReTypecheck in state handleRequests
09:22:12.287 DEBUG akka://ENSIME/user/ensime-main/project o.e.c.Project - received handled message AskReTypecheck in state handleRequests
09:22:12.334 DEBUG akka://ENSIME/user/ensime-main/project o.e.c.Project - received handled message AskReTypecheck in state handleRequests
09:22:12.334 DEBUG akka://ENSIME/user/ensime-main/project o.e.c.Project - received handled message AskReTypecheck in state handleRequests
09:22:12.356 DEBUG akka://ENSIME/user/ensime-main/project o.e.c.Project - received handled message AskReTypecheck in state handleRequests
09:22:17.373 INFO  akka://ENSIME/deadLetters a.a.DeadLetterActorRef - Message [org.ensime.api.ReloadExistingFilesEvent$] from Actor[akka://ENSIME/user/ensime-main/project#-1351034461] to Actor[akka://ENSIME/deadLetters] was not delivered. [5] dead letters encountered. This logging can be turned off or adjusted with con
09:22:17.374 DEBUG akka://ENSIME/user/ClassfileIndexer o.e.i.IndexingQueueActor - Indexing 42 files
09:22:22.094 DEBUG akka://ENSIME/user/ensime-main/project o.e.c.Project - received handled message AskReTypecheck in state handleRequests
09:22:22.094 DEBUG akka://ENSIME/user/ensime-main/project o.e.c.Project - received handled message AskReTypecheck in state handleRequests
09:22:22.095 DEBUG akka://ENSIME/user/ensime-main/project o.e.c.Project - received handled message AskReTypecheck in state handleRequests
09:22:22.095 DEBUG akka://ENSIME/user/ensime-main/project o.e.c.Project - received handled message AskReTypecheck in state handleRequests
09:22:22.095 DEBUG akka://ENSIME/user/ensime-main/project o.e.c.Project - received handled message AskReTypecheck in state handleRequests
09:22:22.095 DEBUG akka://ENSIME/user/ensime-main/project o.e.c.Project - received handled message AskReTypecheck in state handleRequests
09:22:22.095 DEBUG akka://ENSIME/user/ensime-main/project o.e.c.Project - received handled message AskReTypecheck in state handleRequests
09:22:22.095 DEBUG akka://ENSIME/user/ensime-main/project o.e.c.Project - received handled message AskReTypecheck in state handleRequests
09:22:22.095 DEBUG akka://ENSIME/user/ensime-main/project o.e.c.Project - received handled message AskReTypecheck in state handleRequests
09:22:22.095 DEBUG akka://ENSIME/user/ensime-main/project o.e.c.Project - received handled message AskReTypecheck in state handleRequests
09:22:22.096 DEBUG akka://ENSIME/user/ensime-main/project o.e.c.Project - received handled message AskReTypecheck in state handleRequests
09:22:22.096 DEBUG akka://ENSIME/user/ensime-main/project o.e.c.Project - received handled message AskReTypecheck in state handleRequests
09:22:22.096 DEBUG akka://ENSIME/user/ensime-main/project o.e.c.Project - received handled message AskReTypecheck in state handleRequests
09:22:22.096 DEBUG akka://ENSIME/user/ensime-main/project o.e.c.Project - received handled message AskReTypecheck in state handleRequests
09:22:22.096 DEBUG akka://ENSIME/user/ensime-main/project o.e.c.Project - received handled message AskReTypecheck in state handleRequests
09:22:22.096 DEBUG akka://ENSIME/user/ensime-main/project o.e.c.Project - received handled message AskReTypecheck in state handleRequests
09:22:22.141 DEBUG akka://ENSIME/user/ensime-main/project o.e.c.Project - received handled message AskReTypecheck in state handleRequests
09:22:22.163 DEBUG akka://ENSIME/user/ensime-main/project o.e.c.Project - received handled message AskReTypecheck in state handleRequests
09:22:22.163 DEBUG akka://ENSIME/user/ensime-main/project o.e.c.Project - received handled message AskReTypecheck in state handleRequests
09:22:22.163 DEBUG akka://ENSIME/user/ensime-main/project o.e.c.Project - received handled message AskReTypecheck in state handleRequests
09:22:22.186 DEBUG akka://ENSIME/user/ensime-main/project o.e.c.Project - received handled message AskReTypecheck in state handleRequests
09:22:22.186 DEBUG akka://ENSIME/user/ensime-main/project o.e.c.Project - received handled message AskReTypecheck in state handleRequests
09:22:22.186 DEBUG akka://ENSIME/user/ensime-main/project o.e.c.Project - received handled message AskReTypecheck in state handleRequests
09:22:22.207 DEBUG akka://ENSIME/user/ensime-main/project o.e.c.Project - received handled message AskReTypecheck in state handleRequests
09:22:22.208 DEBUG akka://ENSIME/user/ensime-main/project o.e.c.Project - received handled message AskReTypecheck in state handleRequests
09:22:22.208 DEBUG akka://ENSIME/user/ensime-main/project o.e.c.Project - received handled message AskReTypecheck in state handleRequests
09:22:22.208 DEBUG akka://ENSIME/user/ensime-main/project o.e.c.Project - received handled message AskReTypecheck in state handleRequests
09:22:22.208 DEBUG akka://ENSIME/user/ensime-main/project o.e.c.Project - received handled message AskReTypecheck in state handleRequests
09:22:22.208 DEBUG akka://ENSIME/user/ensime-main/project o.e.c.Project - received handled message AskReTypecheck in state handleRequests
09:22:22.209 DEBUG akka://ENSIME/user/ensime-main/project o.e.c.Project - received handled message AskReTypecheck in state handleRequests
09:22:22.209 DEBUG akka://ENSIME/user/ensime-main/project o.e.c.Project - received handled message AskReTypecheck in state handleRequests
09:22:22.209 DEBUG akka://ENSIME/user/ensime-main/project o.e.c.Project - received handled message AskReTypecheck in state handleRequests
09:22:22.209 DEBUG akka://ENSIME/user/ensime-main/project o.e.c.Project - received handled message AskReTypecheck in state handleRequests
09:22:22.209 DEBUG akka://ENSIME/user/ensime-main/project o.e.c.Project - received handled message AskReTypecheck in state handleRequests
09:22:22.209 DEBUG akka://ENSIME/user/ensime-main/project o.e.c.Project - received handled message AskReTypecheck in state handleRequests
09:22:22.230 DEBUG akka://ENSIME/user/ensime-main/project o.e.c.Project - received handled message AskReTypecheck in state handleRequests
09:22:22.231 DEBUG akka://ENSIME/user/ensime-main/project o.e.c.Project - received handled message AskReTypecheck in state handleRequests
09:22:22.274 DEBUG akka://ENSIME/user/ensime-main/project o.e.c.Project - received handled message AskReTypecheck in state handleRequests
09:22:22.275 DEBUG akka://ENSIME/user/ensime-main/project o.e.c.Project - received handled message AskReTypecheck in state handleRequests
09:22:22.319 DEBUG akka://ENSIME/user/ensime-main/project o.e.c.Project - received handled message AskReTypecheck in state handleRequests
09:22:22.319 DEBUG akka://ENSIME/user/ensime-main/project o.e.c.Project - received handled message AskReTypecheck in state handleRequests
09:22:22.341 DEBUG akka://ENSIME/user/ensime-main/project o.e.c.Project - received handled message AskReTypecheck in state handleRequests
09:22:27.362 INFO  akka://ENSIME/deadLetters a.a.DeadLetterActorRef - Message [org.ensime.api.ReloadExistingFilesEvent$] from Actor[akka://ENSIME/user/ensime-main/project#-1351034461] to Actor[akka://ENSIME/deadLetters] was not delivered. [6] dead letters encountered. This logging can be turned off or adjusted with con
09:22:27.362 DEBUG akka://ENSIME/user/ClassfileIndexer o.e.i.IndexingQueueActor - Indexing 42 files
09:22:42.092 DEBUG akka://ENSIME/user/ensime-main/project o.e.c.Project - received handled message AskReTypecheck in state handleRequests
09:22:42.092 DEBUG akka://ENSIME/user/ensime-main/project o.e.c.Project - received handled message AskReTypecheck in state handleRequests
09:22:42.092 DEBUG akka://ENSIME/user/ensime-main/project o.e.c.Project - received handled message AskReTypecheck in state handleRequests
09:22:42.092 DEBUG akka://ENSIME/user/ensime-main/project o.e.c.Project - received handled message AskReTypecheck in state handleRequests
09:22:42.092 DEBUG akka://ENSIME/user/ensime-main/project o.e.c.Project - received handled message AskReTypecheck in state handleRequests
09:22:42.093 DEBUG akka://ENSIME/user/ensime-main/project o.e.c.Project - received handled message AskReTypecheck in state handleRequests
09:22:42.093 DEBUG akka://ENSIME/user/ensime-main/project o.e.c.Project - received handled message AskReTypecheck in state handleRequests
09:22:42.093 DEBUG akka://ENSIME/user/ensime-main/project o.e.c.Project - received handled message AskReTypecheck in state handleRequests
09:22:42.093 DEBUG akka://ENSIME/user/ensime-main/project o.e.c.Project - received handled message AskReTypecheck in state handleRequests
09:22:42.093 DEBUG akka://ENSIME/user/ensime-main/project o.e.c.Project - received handled message AskReTypecheck in state handleRequests
09:22:42.093 DEBUG akka://ENSIME/user/ensime-main/project o.e.c.Project - received handled message AskReTypecheck in state handleRequests
09:22:42.093 DEBUG akka://ENSIME/user/ensime-main/project o.e.c.Project - received handled message AskReTypecheck in state handleRequests
09:22:42.093 DEBUG akka://ENSIME/user/ensime-main/project o.e.c.Project - received handled message AskReTypecheck in state handleRequests
09:22:42.094 DEBUG akka://ENSIME/user/ensime-main/project o.e.c.Project - received handled message AskReTypecheck in state handleRequests
09:22:42.094 DEBUG akka://ENSIME/user/ensime-main/project o.e.c.Project - received handled message AskReTypecheck in state handleRequests
09:22:42.094 DEBUG akka://ENSIME/user/ensime-main/project o.e.c.Project - received handled message AskReTypecheck in state handleRequests
09:22:42.138 DEBUG akka://ENSIME/user/ensime-main/project o.e.c.Project - received handled message AskReTypecheck in state handleRequests
09:22:42.163 DEBUG akka://ENSIME/user/ensime-main/project o.e.c.Project - received handled message AskReTypecheck in state handleRequests
09:22:42.163 DEBUG akka://ENSIME/user/ensime-main/project o.e.c.Project - received handled message AskReTypecheck in state handleRequests
09:22:42.163 DEBUG akka://ENSIME/user/ensime-main/project o.e.c.Project - received handled message AskReTypecheck in state handleRequests
09:22:42.187 DEBUG akka://ENSIME/user/ensime-main/project o.e.c.Project - received handled message AskReTypecheck in state handleRequests
09:22:42.187 DEBUG akka://ENSIME/user/ensime-main/project o.e.c.Project - received handled message AskReTypecheck in state handleRequests
09:22:42.187 DEBUG akka://ENSIME/user/ensime-main/project o.e.c.Project - received handled message AskReTypecheck in state handleRequests
09:22:42.207 DEBUG akka://ENSIME/user/ensime-main/project o.e.c.Project - received handled message AskReTypecheck in state handleRequests
09:22:42.207 DEBUG akka://ENSIME/user/ensime-main/project o.e.c.Project - received handled message AskReTypecheck in state handleRequests
09:22:42.207 DEBUG akka://ENSIME/user/ensime-main/project o.e.c.Project - received handled message AskReTypecheck in state handleRequests
09:22:42.207 DEBUG akka://ENSIME/user/ensime-main/project o.e.c.Project - received handled message AskReTypecheck in state handleRequests
09:22:42.207 DEBUG akka://ENSIME/user/ensime-main/project o.e.c.Project - received handled message AskReTypecheck in state handleRequests
09:22:42.208 DEBUG akka://ENSIME/user/ensime-main/project o.e.c.Project - received handled message AskReTypecheck in state handleRequests
09:22:42.208 DEBUG akka://ENSIME/user/ensime-main/project o.e.c.Project - received handled message AskReTypecheck in state handleRequests
09:22:42.208 DEBUG akka://ENSIME/user/ensime-main/project o.e.c.Project - received handled message AskReTypecheck in state handleRequests
09:22:42.208 DEBUG akka://ENSIME/user/ensime-main/project o.e.c.Project - received handled message AskReTypecheck in state handleRequests
09:22:42.208 DEBUG akka://ENSIME/user/ensime-main/project o.e.c.Project - received handled message AskReTypecheck in state handleRequests
09:22:42.208 DEBUG akka://ENSIME/user/ensime-main/project o.e.c.Project - received handled message AskReTypecheck in state handleRequests
09:22:42.208 DEBUG akka://ENSIME/user/ensime-main/project o.e.c.Project - received handled message AskReTypecheck in state handleRequests
09:22:42.229 DEBUG akka://ENSIME/user/ensime-main/project o.e.c.Project - received handled message AskReTypecheck in state handleRequests
09:22:42.229 DEBUG akka://ENSIME/user/ensime-main/project o.e.c.Project - received handled message AskReTypecheck in state handleRequests
09:22:47.242 INFO  akka://ENSIME/deadLetters a.a.DeadLetterActorRef - Message [org.ensime.api.ReloadExistingFilesEvent$] from Actor[akka://ENSIME/user/ensime-main/project#-1351034461] to Actor[akka://ENSIME/deadLetters] was not delivered. [7] dead letters encountered. This logging can be turned off or adjusted with con
09:22:47.242 DEBUG akka://ENSIME/user/ClassfileIndexer o.e.i.IndexingQueueActor - Indexing 37 files
09:23:02.091 DEBUG akka://ENSIME/user/ensime-main/project o.e.c.Project - received handled message AskReTypecheck in state handleRequests
09:23:02.091 DEBUG akka://ENSIME/user/ensime-main/project o.e.c.Project - received handled message AskReTypecheck in state handleRequests
09:23:02.091 DEBUG akka://ENSIME/user/ensime-main/project o.e.c.Project - received handled message AskReTypecheck in state handleRequests
09:23:02.091 DEBUG akka://ENSIME/user/ensime-main/project o.e.c.Project - received handled message AskReTypecheck in state handleRequests
09:23:02.091 DEBUG akka://ENSIME/user/ensime-main/project o.e.c.Project - received handled message AskReTypecheck in state handleRequests
09:23:02.092 DEBUG akka://ENSIME/user/ensime-main/project o.e.c.Project - received handled message AskReTypecheck in state handleRequests
09:23:02.092 DEBUG akka://ENSIME/user/ensime-main/project o.e.c.Project - received handled message AskReTypecheck in state handleRequests
09:23:02.092 DEBUG akka://ENSIME/user/ensime-main/project o.e.c.Project - received handled message AskReTypecheck in state handleRequests
09:23:02.092 DEBUG akka://ENSIME/user/ensime-main/project o.e.c.Project - received handled message AskReTypecheck in state handleRequests
09:23:02.092 DEBUG akka://ENSIME/user/ensime-main/project o.e.c.Project - received handled message AskReTypecheck in state handleRequests
09:23:02.092 DEBUG akka://ENSIME/user/ensime-main/project o.e.c.Project - received handled message AskReTypecheck in state handleRequests
09:23:02.092 DEBUG akka://ENSIME/user/ensime-main/project o.e.c.Project - received handled message AskReTypecheck in state handleRequests
09:23:02.092 DEBUG akka://ENSIME/user/ensime-main/project o.e.c.Project - received handled message AskReTypecheck in state handleRequests
09:23:02.092 DEBUG akka://ENSIME/user/ensime-main/project o.e.c.Project - received handled message AskReTypecheck in state handleRequests
09:23:02.092 DEBUG akka://ENSIME/user/ensime-main/project o.e.c.Project - received handled message AskReTypecheck in state handleRequests
09:23:02.092 DEBUG akka://ENSIME/user/ensime-main/project o.e.c.Project - received handled message AskReTypecheck in state handleRequests
09:23:02.135 DEBUG akka://ENSIME/user/ensime-main/project o.e.c.Project - received handled message AskReTypecheck in state handleRequests
09:23:02.159 DEBUG akka://ENSIME/user/ensime-main/project o.e.c.Project - received handled message AskReTypecheck in state handleRequests
09:23:02.159 DEBUG akka://ENSIME/user/ensime-main/project o.e.c.Project - received handled message AskReTypecheck in state handleRequests
09:23:02.160 DEBUG akka://ENSIME/user/ensime-main/project o.e.c.Project - received handled message AskReTypecheck in state handleRequests
09:23:02.182 DEBUG akka://ENSIME/user/ensime-main/project o.e.c.Project - received handled message AskReTypecheck in state handleRequests
09:23:07.201 INFO  akka://ENSIME/deadLetters a.a.DeadLetterActorRef - Message [org.ensime.api.ReloadExistingFilesEvent$] from Actor[akka://ENSIME/user/ensime-main/project#-1351034461] to Actor[akka://ENSIME/deadLetters] was not delivered. [8] dead letters encountered. This logging can be turned off or adjusted with con
09:23:07.201 DEBUG akka://ENSIME/user/ClassfileIndexer o.e.i.IndexingQueueActor - Indexing 21 files
09:23:12.091 DEBUG akka://ENSIME/user/ensime-main/project o.e.c.Project - received handled message AskReTypecheck in state handleRequests
09:23:12.092 DEBUG akka://ENSIME/user/ensime-main/project o.e.c.Project - received handled message AskReTypecheck in state handleRequests
09:23:12.092 DEBUG akka://ENSIME/user/ensime-main/project o.e.c.Project - received handled message AskReTypecheck in state handleRequests
09:23:12.092 DEBUG akka://ENSIME/user/ensime-main/project o.e.c.Project - received handled message AskReTypecheck in state handleRequests
09:23:12.092 DEBUG akka://ENSIME/user/ensime-main/project o.e.c.Project - received handled message AskReTypecheck in state handleRequests
09:23:12.092 DEBUG akka://ENSIME/user/ensime-main/project o.e.c.Project - received handled message AskReTypecheck in state handleRequests
09:23:12.092 DEBUG akka://ENSIME/user/ensime-main/project o.e.c.Project - received handled message AskReTypecheck in state handleRequests
09:23:12.092 DEBUG akka://ENSIME/user/ensime-main/project o.e.c.Project - received handled message AskReTypecheck in state handleRequests
09:23:12.092 DEBUG akka://ENSIME/user/ensime-main/project o.e.c.Project - received handled message AskReTypecheck in state handleRequests
09:23:12.092 DEBUG akka://ENSIME/user/ensime-main/project o.e.c.Project - received handled message AskReTypecheck in state handleRequests
09:23:12.092 DEBUG akka://ENSIME/user/ensime-main/project o.e.c.Project - received handled message AskReTypecheck in state handleRequests
09:23:12.092 DEBUG akka://ENSIME/user/ensime-main/project o.e.c.Project - received handled message AskReTypecheck in state handleRequests
09:23:12.092 DEBUG akka://ENSIME/user/ensime-main/project o.e.c.Project - received handled message AskReTypecheck in state handleRequests
09:23:12.092 DEBUG akka://ENSIME/user/ensime-main/project o.e.c.Project - received handled message AskReTypecheck in state handleRequests
09:23:12.092 DEBUG akka://ENSIME/user/ensime-main/project o.e.c.Project - received handled message AskReTypecheck in state handleRequests
09:23:12.093 DEBUG akka://ENSIME/user/ensime-main/project o.e.c.Project - received handled message AskReTypecheck in state handleRequests
09:23:12.140 DEBUG akka://ENSIME/user/ensime-main/project o.e.c.Project - received handled message AskReTypecheck in state handleRequests
09:23:12.165 DEBUG akka://ENSIME/user/ensime-main/project o.e.c.Project - received handled message AskReTypecheck in state handleRequests
09:23:12.166 DEBUG akka://ENSIME/user/ensime-main/project o.e.c.Project - received handled message AskReTypecheck in state handleRequests
09:23:12.166 DEBUG akka://ENSIME/user/ensime-main/project o.e.c.Project - received handled message AskReTypecheck in state handleRequests
09:23:12.186 DEBUG akka://ENSIME/user/ensime-main/project o.e.c.Project - received handled message AskReTypecheck in state handleRequests
09:23:17.201 DEBUG akka://ENSIME/user/ClassfileIndexer o.e.i.IndexingQueueActor - Indexing 21 files
09:23:17.201 INFO  akka://ENSIME/deadLetters a.a.DeadLetterActorRef - Message [org.ensime.api.ReloadExistingFilesEvent$] from Actor[akka://ENSIME/user/ensime-main/project#-1351034461] to Actor[akka://ENSIME/deadLetters] was not delivered. [9] dead letters encountered. This logging can be turned off or adjusted with con
09:23:32.090 DEBUG akka://ENSIME/user/ensime-main/project o.e.c.Project - received handled message AskReTypecheck in state handleRequests
09:23:32.090 DEBUG akka://ENSIME/user/ensime-main/project o.e.c.Project - received handled message AskReTypecheck in state handleRequests
09:23:32.090 DEBUG akka://ENSIME/user/ensime-main/project o.e.c.Project - received handled message AskReTypecheck in state handleRequests
09:23:32.090 DEBUG akka://ENSIME/user/ensime-main/project o.e.c.Project - received handled message AskReTypecheck in state handleRequests
09:23:32.090 DEBUG akka://ENSIME/user/ensime-main/project o.e.c.Project - received handled message AskReTypecheck in state handleRequests
09:23:32.090 DEBUG akka://ENSIME/user/ensime-main/project o.e.c.Project - received handled message AskReTypecheck in state handleRequests
09:23:32.091 DEBUG akka://ENSIME/user/ensime-main/project o.e.c.Project - received handled message AskReTypecheck in state handleRequests
09:23:32.091 DEBUG akka://ENSIME/user/ensime-main/project o.e.c.Project - received handled message AskReTypecheck in state handleRequests
09:23:32.091 DEBUG akka://ENSIME/user/ensime-main/project o.e.c.Project - received handled message AskReTypecheck in state handleRequests
09:23:32.091 DEBUG akka://ENSIME/user/ensime-main/project o.e.c.Project - received handled message AskReTypecheck in state handleRequests
09:23:32.091 DEBUG akka://ENSIME/user/ensime-main/project o.e.c.Project - received handled message AskReTypecheck in state handleRequests
09:23:32.091 DEBUG akka://ENSIME/user/ensime-main/project o.e.c.Project - received handled message AskReTypecheck in state handleRequests
09:23:32.091 DEBUG akka://ENSIME/user/ensime-main/project o.e.c.Project - received handled message AskReTypecheck in state handleRequests
09:23:32.091 DEBUG akka://ENSIME/user/ensime-main/project o.e.c.Project - received handled message AskReTypecheck in state handleRequests
09:23:32.091 DEBUG akka://ENSIME/user/ensime-main/project o.e.c.Project - received handled message AskReTypecheck in state handleRequests
09:23:32.091 DEBUG akka://ENSIME/user/ensime-main/project o.e.c.Project - received handled message AskReTypecheck in state handleRequests
09:23:32.140 DEBUG akka://ENSIME/user/ensime-main/project o.e.c.Project - received handled message AskReTypecheck in state handleRequests
09:23:32.160 DEBUG akka://ENSIME/user/ensime-main/project o.e.c.Project - received handled message AskReTypecheck in state handleRequests
09:23:32.160 DEBUG akka://ENSIME/user/ensime-main/project o.e.c.Project - received handled message AskReTypecheck in state handleRequests
09:23:32.160 DEBUG akka://ENSIME/user/ensime-main/project o.e.c.Project - received handled message AskReTypecheck in state handleRequests
09:23:32.185 DEBUG akka://ENSIME/user/ensime-main/project o.e.c.Project - received handled message AskReTypecheck in state handleRequests
09:23:37.200 INFO  akka://ENSIME/deadLetters a.a.DeadLetterActorRef - Message [org.ensime.api.ReloadExistingFilesEvent$] from Actor[akka://ENSIME/user/ensime-main/project#-1351034461] to Actor[akka://ENSIME/deadLetters] was not delivered. [10] dead letters encountered, no more dead letters will be logged. This logging 
09:23:37.200 DEBUG akka://ENSIME/user/ClassfileIndexer o.e.i.IndexingQueueActor - Indexing 21 files
09:25:32.087 DEBUG akka://ENSIME/user/ensime-main/project o.e.c.Project - received handled message AskReTypecheck in state handleRequests
09:25:32.087 DEBUG akka://ENSIME/user/ensime-main/project o.e.c.Project - received handled message AskReTypecheck in state handleRequests
09:25:32.087 DEBUG akka://ENSIME/user/ensime-main/project o.e.c.Project - received handled message AskReTypecheck in state handleRequests
09:25:32.087 DEBUG akka://ENSIME/user/ensime-main/project o.e.c.Project - received handled message AskReTypecheck in state handleRequests
09:25:32.087 DEBUG akka://ENSIME/user/ensime-main/project o.e.c.Project - received handled message AskReTypecheck in state handleRequests
09:25:32.087 DEBUG akka://ENSIME/user/ensime-main/project o.e.c.Project - received handled message AskReTypecheck in state handleRequests
09:25:32.087 DEBUG akka://ENSIME/user/ensime-main/project o.e.c.Project - received handled message AskReTypecheck in state handleRequests
09:25:32.087 DEBUG akka://ENSIME/user/ensime-main/project o.e.c.Project - received handled message AskReTypecheck in state handleRequests
09:25:32.087 DEBUG akka://ENSIME/user/ensime-main/project o.e.c.Project - received handled message AskReTypecheck in state handleRequests
09:25:32.087 DEBUG akka://ENSIME/user/ensime-main/project o.e.c.Project - received handled message AskReTypecheck in state handleRequests
09:25:32.087 DEBUG akka://ENSIME/user/ensime-main/project o.e.c.Project - received handled message AskReTypecheck in state handleRequests
09:25:32.087 DEBUG akka://ENSIME/user/ensime-main/project o.e.c.Project - received handled message AskReTypecheck in state handleRequests
09:25:32.088 DEBUG akka://ENSIME/user/ensime-main/project o.e.c.Project - received handled message AskReTypecheck in state handleRequests
09:25:32.088 DEBUG akka://ENSIME/user/ensime-main/project o.e.c.Project - received handled message AskReTypecheck in state handleRequests
09:25:32.088 DEBUG akka://ENSIME/user/ensime-main/project o.e.c.Project - received handled message AskReTypecheck in state handleRequests
09:25:32.088 DEBUG akka://ENSIME/user/ensime-main/project o.e.c.Project - received handled message AskReTypecheck in state handleRequests
09:25:32.133 DEBUG akka://ENSIME/user/ensime-main/project o.e.c.Project - received handled message AskReTypecheck in state handleRequests
09:25:32.156 DEBUG akka://ENSIME/user/ensime-main/project o.e.c.Project - received handled message AskReTypecheck in state handleRequests
09:25:32.156 DEBUG akka://ENSIME/user/ensime-main/project o.e.c.Project - received handled message AskReTypecheck in state handleRequests
09:25:32.156 DEBUG akka://ENSIME/user/ensime-main/project o.e.c.Project - received handled message AskReTypecheck in state handleRequests
09:25:32.181 DEBUG akka://ENSIME/user/ensime-main/project o.e.c.Project - received handled message AskReTypecheck in state handleRequests
09:25:37.194 DEBUG akka://ENSIME/user/ClassfileIndexer o.e.i.IndexingQueueActor - Indexing 21 files
09:27:42.079 DEBUG akka://ENSIME/user/ensime-main/project o.e.c.Project - received handled message AskReTypecheck in state handleRequests
09:27:42.079 DEBUG akka://ENSIME/user/ensime-main/project o.e.c.Project - received handled message AskReTypecheck in state handleRequests
09:27:42.079 DEBUG akka://ENSIME/user/ensime-main/project o.e.c.Project - received handled message AskReTypecheck in state handleRequests
09:27:42.079 DEBUG akka://ENSIME/user/ensime-main/project o.e.c.Project - received handled message AskReTypecheck in state handleRequests
09:27:42.080 DEBUG akka://ENSIME/user/ensime-main/project o.e.c.Project - received handled message AskReTypecheck in state handleRequests
09:27:42.080 DEBUG akka://ENSIME/user/ensime-main/project o.e.c.Project - received handled message AskReTypecheck in state handleRequests
09:27:42.080 DEBUG akka://ENSIME/user/ensime-main/project o.e.c.Project - received handled message AskReTypecheck in state handleRequests
09:27:42.080 DEBUG akka://ENSIME/user/ensime-main/project o.e.c.Project - received handled message AskReTypecheck in state handleRequests
09:27:42.080 DEBUG akka://ENSIME/user/ensime-main/project o.e.c.Project - received handled message AskReTypecheck in state handleRequests
09:27:42.080 DEBUG akka://ENSIME/user/ensime-main/project o.e.c.Project - received handled message AskReTypecheck in state handleRequests
09:27:42.080 DEBUG akka://ENSIME/user/ensime-main/project o.e.c.Project - received handled message AskReTypecheck in state handleRequests
09:27:42.080 DEBUG akka://ENSIME/user/ensime-main/project o.e.c.Project - received handled message AskReTypecheck in state handleRequests
09:27:42.080 DEBUG akka://ENSIME/user/ensime-main/project o.e.c.Project - received handled message AskReTypecheck in state handleRequests
09:27:42.080 DEBUG akka://ENSIME/user/ensime-main/project o.e.c.Project - received handled message AskReTypecheck in state handleRequests
09:27:42.080 DEBUG akka://ENSIME/user/ensime-main/project o.e.c.Project - received handled message AskReTypecheck in state handleRequests
09:27:42.081 DEBUG akka://ENSIME/user/ensime-main/project o.e.c.Project - received handled message AskReTypecheck in state handleRequests
09:27:42.125 DEBUG akka://ENSIME/user/ensime-main/project o.e.c.Project - received handled message AskReTypecheck in state handleRequests
09:27:42.148 DEBUG akka://ENSIME/user/ensime-main/project o.e.c.Project - received handled message AskReTypecheck in state handleRequests
09:27:42.148 DEBUG akka://ENSIME/user/ensime-main/project o.e.c.Project - received handled message AskReTypecheck in state handleRequests
09:27:42.148 DEBUG akka://ENSIME/user/ensime-main/project o.e.c.Project - received handled message AskReTypecheck in state handleRequests
09:27:42.169 DEBUG akka://ENSIME/user/ensime-main/project o.e.c.Project - received handled message AskReTypecheck in state handleRequests
09:27:47.187 DEBUG akka://ENSIME/user/ClassfileIndexer o.e.i.IndexingQueueActor - Indexing 21 files
09:27:52.077 DEBUG akka://ENSIME/user/ensime-main/project o.e.c.Project - received handled message AskReTypecheck in state handleRequests
09:27:52.077 DEBUG akka://ENSIME/user/ensime-main/project o.e.c.Project - received handled message AskReTypecheck in state handleRequests
09:27:52.077 DEBUG akka://ENSIME/user/ensime-main/project o.e.c.Project - received handled message AskReTypecheck in state handleRequests
09:27:52.078 DEBUG akka://ENSIME/user/ensime-main/project o.e.c.Project - received handled message AskReTypecheck in state handleRequests
09:27:52.078 DEBUG akka://ENSIME/user/ensime-main/project o.e.c.Project - received handled message AskReTypecheck in state handleRequests
09:27:52.078 DEBUG akka://ENSIME/user/ensime-main/project o.e.c.Project - received handled message AskReTypecheck in state handleRequests
09:27:52.078 DEBUG akka://ENSIME/user/ensime-main/project o.e.c.Project - received handled message AskReTypecheck in state handleRequests
09:27:52.078 DEBUG akka://ENSIME/user/ensime-main/project o.e.c.Project - received handled message AskReTypecheck in state handleRequests
09:27:52.078 DEBUG akka://ENSIME/user/ensime-main/project o.e.c.Project - received handled message AskReTypecheck in state handleRequests
09:27:52.078 DEBUG akka://ENSIME/user/ensime-main/project o.e.c.Project - received handled message AskReTypecheck in state handleRequests
09:27:52.078 DEBUG akka://ENSIME/user/ensime-main/project o.e.c.Project - received handled message AskReTypecheck in state handleRequests
09:27:52.078 DEBUG akka://ENSIME/user/ensime-main/project o.e.c.Project - received handled message AskReTypecheck in state handleRequests
09:27:52.078 DEBUG akka://ENSIME/user/ensime-main/project o.e.c.Project - received handled message AskReTypecheck in state handleRequests
09:27:52.078 DEBUG akka://ENSIME/user/ensime-main/project o.e.c.Project - received handled message AskReTypecheck in state handleRequests
09:27:52.078 DEBUG akka://ENSIME/user/ensime-main/project o.e.c.Project - received handled message AskReTypecheck in state handleRequests
09:27:52.078 DEBUG akka://ENSIME/user/ensime-main/project o.e.c.Project - received handled message AskReTypecheck in state handleRequests
09:27:52.127 DEBUG akka://ENSIME/user/ensime-main/project o.e.c.Project - received handled message AskReTypecheck in state handleRequests
09:27:52.150 DEBUG akka://ENSIME/user/ensime-main/project o.e.c.Project - received handled message AskReTypecheck in state handleRequests
09:27:52.151 DEBUG akka://ENSIME/user/ensime-main/project o.e.c.Project - received handled message AskReTypecheck in state handleRequests
09:27:52.151 DEBUG akka://ENSIME/user/ensime-main/project o.e.c.Project - received handled message AskReTypecheck in state handleRequests
09:27:52.175 DEBUG akka://ENSIME/user/ensime-main/project o.e.c.Project - received handled message AskReTypecheck in state handleRequests
09:27:57.187 DEBUG akka://ENSIME/user/ClassfileIndexer o.e.i.IndexingQueueActor - Indexing 21 files
09:28:24.057 DEBUG akka://ENSIME/user/$a/3 o.e.s.RequestHandler - RefactorReq(3,OrganiseImportsRefactorDesc(/Users/ian/projects/java/pungwedb/core/src/main/java/com/pungwe/db/core/io/store/Store.java),false)
09:28:24.057 DEBUG akka://ENSIME/user/ensime-main/project o.e.c.Project - received handled message RefactorReq(3,OrganiseImportsRefactorDesc(/Users/ian/projects/java/pungwedb/core/src/main/java/com/pungwe/db/core/io/store/Store.java),false) in state handleRequests
09:28:32.075 DEBUG akka://ENSIME/user/ensime-main/project o.e.c.Project - received handled message AskReTypecheck in state handleRequests
09:28:32.076 DEBUG akka://ENSIME/user/ensime-main/project o.e.c.Project - received handled message AskReTypecheck in state handleRequests
09:28:32.076 DEBUG akka://ENSIME/user/ensime-main/project o.e.c.Project - received handled message AskReTypecheck in state handleRequests
09:28:32.076 DEBUG akka://ENSIME/user/ensime-main/project o.e.c.Project - received handled message AskReTypecheck in state handleRequests
09:28:32.076 DEBUG akka://ENSIME/user/ensime-main/project o.e.c.Project - received handled message AskReTypecheck in state handleRequests
09:28:32.076 DEBUG akka://ENSIME/user/ensime-main/project o.e.c.Project - received handled message AskReTypecheck in state handleRequests
09:28:32.076 DEBUG akka://ENSIME/user/ensime-main/project o.e.c.Project - received handled message AskReTypecheck in state handleRequests
09:28:32.076 DEBUG akka://ENSIME/user/ensime-main/project o.e.c.Project - received handled message AskReTypecheck in state handleRequests
09:28:32.076 DEBUG akka://ENSIME/user/ensime-main/project o.e.c.Project - received handled message AskReTypecheck in state handleRequests
09:28:32.076 DEBUG akka://ENSIME/user/ensime-main/project o.e.c.Project - received handled message AskReTypecheck in state handleRequests
09:28:32.076 DEBUG akka://ENSIME/user/ensime-main/project o.e.c.Project - received handled message AskReTypecheck in state handleRequests
09:28:32.076 DEBUG akka://ENSIME/user/ensime-main/project o.e.c.Project - received handled message AskReTypecheck in state handleRequests
09:28:32.076 DEBUG akka://ENSIME/user/ensime-main/project o.e.c.Project - received handled message AskReTypecheck in state handleRequests
09:28:32.076 DEBUG akka://ENSIME/user/ensime-main/project o.e.c.Project - received handled message AskReTypecheck in state handleRequests
09:28:32.077 DEBUG akka://ENSIME/user/ensime-main/project o.e.c.Project - received handled message AskReTypecheck in state handleRequests
09:28:32.077 DEBUG akka://ENSIME/user/ensime-main/project o.e.c.Project - received handled message AskReTypecheck in state handleRequests
09:28:32.124 DEBUG akka://ENSIME/user/ensime-main/project o.e.c.Project - received handled message AskReTypecheck in state handleRequests
09:28:32.149 DEBUG akka://ENSIME/user/ensime-main/project o.e.c.Project - received handled message AskReTypecheck in state handleRequests
09:28:32.149 DEBUG akka://ENSIME/user/ensime-main/project o.e.c.Project - received handled message AskReTypecheck in state handleRequests
09:28:32.149 DEBUG akka://ENSIME/user/ensime-main/project o.e.c.Project - received handled message AskReTypecheck in state handleRequests
09:28:32.174 DEBUG akka://ENSIME/user/ensime-main/project o.e.c.Project - received handled message AskReTypecheck in state handleRequests
09:28:37.196 DEBUG akka://ENSIME/user/ClassfileIndexer o.e.i.IndexingQueueActor - Indexing 21 files
09:29:02.074 DEBUG akka://ENSIME/user/ensime-main/project o.e.c.Project - received handled message AskReTypecheck in state handleRequests
09:29:02.074 DEBUG akka://ENSIME/user/ensime-main/project o.e.c.Project - received handled message AskReTypecheck in state handleRequests
09:29:02.074 DEBUG akka://ENSIME/user/ensime-main/project o.e.c.Project - received handled message AskReTypecheck in state handleRequests
09:29:02.074 DEBUG akka://ENSIME/user/ensime-main/project o.e.c.Project - received handled message AskReTypecheck in state handleRequests
09:29:02.074 DEBUG akka://ENSIME/user/ensime-main/project o.e.c.Project - received handled message AskReTypecheck in state handleRequests
09:29:02.074 DEBUG akka://ENSIME/user/ensime-main/project o.e.c.Project - received handled message AskReTypecheck in state handleRequests
09:29:02.075 DEBUG akka://ENSIME/user/ensime-main/project o.e.c.Project - received handled message AskReTypecheck in state handleRequests
09:29:02.075 DEBUG akka://ENSIME/user/ensime-main/project o.e.c.Project - received handled message AskReTypecheck in state handleRequests
09:29:07.094 DEBUG akka://ENSIME/user/ClassfileIndexer o.e.i.IndexingQueueActor - Indexing 8 files
org.apache.commons.vfs2.FileSystemException: Could not determine the last modified timestamp of "file:///Users/ian/projects/java/pungwedb/core/build/classes/main/com/pungwe/db/core/collections/BaseMap$EntrySet.class" because it does not exist.
	at org.apache.commons.vfs2.provider.DefaultFileContent.getLastModifiedTime(DefaultFileContent.java:171)
	at org.ensime.indexer.database.DatabaseService$FileCheck$.apply(DatabaseService.scala:122)
	at org.ensime.indexer.IndexingQueueActor$$anonfun$receive$1$$anonfun$applyOrElse$2$$anonfun$apply$13$$anonfun$apply$14.apply(SearchService.scala:344)
	at org.ensime.indexer.IndexingQueueActor$$anonfun$receive$1$$anonfun$applyOrElse$2$$anonfun$apply$13$$anonfun$apply$14.apply(SearchService.scala:341)
	at scala.collection.immutable.List.foreach(List.scala:381)
	at org.ensime.indexer.IndexingQueueActor$$anonfun$receive$1$$anonfun$applyOrElse$2$$anonfun$apply$13.apply(SearchService.scala:341)
	at org.ensime.indexer.IndexingQueueActor$$anonfun$receive$1$$anonfun$applyOrElse$2$$anonfun$apply$13.apply(SearchService.scala:337)
	at scala.concurrent.impl.CallbackRunnable.run(Promise.scala:32)
	at scala.concurrent.impl.ExecutionContextImpl$AdaptedForkJoinTask.exec(ExecutionContextImpl.scala:121)
	at scala.concurrent.forkjoin.ForkJoinTask.doExec(ForkJoinTask.java:260)
	at scala.concurrent.forkjoin.ForkJoinPool$WorkQueue.runTask(ForkJoinPool.java:1339)
	at scala.concurrent.forkjoin.ForkJoinPool.runWorker(ForkJoinPool.java:1979)
	at scala.concurrent.forkjoin.ForkJoinWorkerThread.run(ForkJoinWorkerThread.java:107)
09:29:12.075 DEBUG akka://ENSIME/user/ensime-main/project o.e.c.Project - received handled message AskReTypecheck in state handleRequests
09:29:12.075 DEBUG akka://ENSIME/user/ensime-main/project o.e.c.Project - received handled message AskReTypecheck in state handleRequests
09:29:12.075 DEBUG akka://ENSIME/user/ensime-main/project o.e.c.Project - received handled message AskReTypecheck in state handleRequests
09:29:12.075 DEBUG akka://ENSIME/user/ensime-main/project o.e.c.Project - received handled message AskReTypecheck in state handleRequests
09:29:12.075 DEBUG akka://ENSIME/user/ensime-main/project o.e.c.Project - received handled message AskReTypecheck in state handleRequests
09:29:12.075 DEBUG akka://ENSIME/user/ensime-main/project o.e.c.Project - received handled message AskReTypecheck in state handleRequests
09:29:12.076 DEBUG akka://ENSIME/user/ensime-main/project o.e.c.Project - received handled message AskReTypecheck in state handleRequests
09:29:12.076 DEBUG akka://ENSIME/user/ensime-main/project o.e.c.Project - received handled message AskReTypecheck in state handleRequests
09:29:17.094 DEBUG akka://ENSIME/user/ClassfileIndexer o.e.i.IndexingQueueActor - Indexing 8 files
09:29:42.071 DEBUG akka://ENSIME/user/ensime-main/project o.e.c.Project - received handled message AskReTypecheck in state handleRequests
09:29:42.071 DEBUG akka://ENSIME/user/ensime-main/project o.e.c.Project - received handled message AskReTypecheck in state handleRequests
09:29:42.071 DEBUG akka://ENSIME/user/ensime-main/project o.e.c.Project - received handled message AskReTypecheck in state handleRequests
09:29:42.071 DEBUG akka://ENSIME/user/ensime-main/project o.e.c.Project - received handled message AskReTypecheck in state handleRequests
09:29:42.071 DEBUG akka://ENSIME/user/ensime-main/project o.e.c.Project - received handled message AskReTypecheck in state handleRequests
09:29:42.071 DEBUG akka://ENSIME/user/ensime-main/project o.e.c.Project - received handled message AskReTypecheck in state handleRequests
09:29:42.072 DEBUG akka://ENSIME/user/ensime-main/project o.e.c.Project - received handled message AskReTypecheck in state handleRequests
09:29:42.072 DEBUG akka://ENSIME/user/ensime-main/project o.e.c.Project - received handled message AskReTypecheck in state handleRequests
09:29:47.091 DEBUG akka://ENSIME/user/ClassfileIndexer o.e.i.IndexingQueueActor - Indexing 8 files
09:29:52.071 DEBUG akka://ENSIME/user/ensime-main/project o.e.c.Project - received handled message AskReTypecheck in state handleRequests
09:29:52.071 DEBUG akka://ENSIME/user/ensime-main/project o.e.c.Project - received handled message AskReTypecheck in state handleRequests
09:29:52.071 DEBUG akka://ENSIME/user/ensime-main/project o.e.c.Project - received handled message AskReTypecheck in state handleRequests
09:29:52.072 DEBUG akka://ENSIME/user/ensime-main/project o.e.c.Project - received handled message AskReTypecheck in state handleRequests
09:29:52.072 DEBUG akka://ENSIME/user/ensime-main/project o.e.c.Project - received handled message AskReTypecheck in state handleRequests
09:29:52.072 DEBUG akka://ENSIME/user/ensime-main/project o.e.c.Project - received handled message AskReTypecheck in state handleRequests
09:29:52.072 DEBUG akka://ENSIME/user/ensime-main/project o.e.c.Project - received handled message AskReTypecheck in state handleRequests
09:29:52.072 DEBUG akka://ENSIME/user/ensime-main/project o.e.c.Project - received handled message AskReTypecheck in state handleRequests
09:29:52.072 DEBUG akka://ENSIME/user/ensime-main/project o.e.c.Project - received handled message AskReTypecheck in state handleRequests
09:29:52.072 DEBUG akka://ENSIME/user/ensime-main/project o.e.c.Project - received handled message AskReTypecheck in state handleRequests
09:29:52.072 DEBUG akka://ENSIME/user/ensime-main/project o.e.c.Project - received handled message AskReTypecheck in state handleRequests
09:29:52.072 DEBUG akka://ENSIME/user/ensime-main/project o.e.c.Project - received handled message AskReTypecheck in state handleRequests
09:29:52.072 DEBUG akka://ENSIME/user/ensime-main/project o.e.c.Project - received handled message AskReTypecheck in state handleRequests
09:29:52.072 DEBUG akka://ENSIME/user/ensime-main/project o.e.c.Project - received handled message AskReTypecheck in state handleRequests
09:29:52.072 DEBUG akka://ENSIME/user/ensime-main/project o.e.c.Project - received handled message AskReTypecheck in state handleRequests
09:29:52.073 DEBUG akka://ENSIME/user/ensime-main/project o.e.c.Project - received handled message AskReTypecheck in state handleRequests
09:29:52.119 DEBUG akka://ENSIME/user/ensime-main/project o.e.c.Project - received handled message AskReTypecheck in state handleRequests
09:29:52.143 DEBUG akka://ENSIME/user/ensime-main/project o.e.c.Project - received handled message AskReTypecheck in state handleRequests
09:29:52.143 DEBUG akka://ENSIME/user/ensime-main/project o.e.c.Project - received handled message AskReTypecheck in state handleRequests
09:29:52.143 DEBUG akka://ENSIME/user/ensime-main/project o.e.c.Project - received handled message AskReTypecheck in state handleRequests
09:29:52.164 DEBUG akka://ENSIME/user/ensime-main/project o.e.c.Project - received handled message AskReTypecheck in state handleRequests
09:29:52.164 DEBUG akka://ENSIME/user/ensime-main/project o.e.c.Project - received handled message AskReTypecheck in state handleRequests
09:29:52.164 DEBUG akka://ENSIME/user/ensime-main/project o.e.c.Project - received handled message AskReTypecheck in state handleRequests
09:29:52.184 DEBUG akka://ENSIME/user/ensime-main/project o.e.c.Project - received handled message AskReTypecheck in state handleRequests
09:29:52.184 DEBUG akka://ENSIME/user/ensime-main/project o.e.c.Project - received handled message AskReTypecheck in state handleRequests
09:29:52.184 DEBUG akka://ENSIME/user/ensime-main/project o.e.c.Project - received handled message AskReTypecheck in state handleRequests
09:29:52.184 DEBUG akka://ENSIME/user/ensime-main/project o.e.c.Project - received handled message AskReTypecheck in state handleRequests
09:29:52.185 DEBUG akka://ENSIME/user/ensime-main/project o.e.c.Project - received handled message AskReTypecheck in state handleRequests
09:29:52.185 DEBUG akka://ENSIME/user/ensime-main/project o.e.c.Project - received handled message AskReTypecheck in state handleRequests
09:29:52.185 DEBUG akka://ENSIME/user/ensime-main/project o.e.c.Project - received handled message AskReTypecheck in state handleRequests
09:29:52.185 DEBUG akka://ENSIME/user/ensime-main/project o.e.c.Project - received handled message AskReTypecheck in state handleRequests
09:29:52.185 DEBUG akka://ENSIME/user/ensime-main/project o.e.c.Project - received handled message AskReTypecheck in state handleRequests
09:29:52.185 DEBUG akka://ENSIME/user/ensime-main/project o.e.c.Project - received handled message AskReTypecheck in state handleRequests
09:29:52.185 DEBUG akka://ENSIME/user/ensime-main/project o.e.c.Project - received handled message AskReTypecheck in state handleRequests
09:29:52.185 DEBUG akka://ENSIME/user/ensime-main/project o.e.c.Project - received handled message AskReTypecheck in state handleRequests
09:29:52.208 DEBUG akka://ENSIME/user/ensime-main/project o.e.c.Project - received handled message AskReTypecheck in state handleRequests
09:29:52.208 DEBUG akka://ENSIME/user/ensime-main/project o.e.c.Project - received handled message AskReTypecheck in state handleRequests
09:29:52.254 DEBUG akka://ENSIME/user/ensime-main/project o.e.c.Project - received handled message AskReTypecheck in state handleRequests
09:29:52.255 DEBUG akka://ENSIME/user/ensime-main/project o.e.c.Project - received handled message AskReTypecheck in state handleRequests
09:29:52.295 DEBUG akka://ENSIME/user/ensime-main/project o.e.c.Project - received handled message AskReTypecheck in state handleRequests
09:29:52.295 DEBUG akka://ENSIME/user/ensime-main/project o.e.c.Project - received handled message AskReTypecheck in state handleRequests
09:29:52.317 DEBUG akka://ENSIME/user/ensime-main/project o.e.c.Project - received handled message AskReTypecheck in state handleRequests
09:29:57.331 DEBUG akka://ENSIME/user/ClassfileIndexer o.e.i.IndexingQueueActor - Indexing 42 files
09:30:38.957 DEBUG akka://ENSIME/user/$a/4 o.e.s.RequestHandler - PublicSymbolSearchReq(List(B),5)
09:30:38.957 DEBUG akka://ENSIME/user/ensime-main/project o.e.c.Project - received handled message PublicSymbolSearchReq(List(B),5) in state handleRequests
09:30:38.957 DEBUG akka://ENSIME/user/ensime-main/project/indexer o.e.c.Indexer - received handled message PublicSymbolSearchReq(List(B),5)
09:30:39.031 DEBUG akka://ENSIME/user/$a/4 o.e.s.RequestHandler - received handled message SymbolSearchResults(List(TypeSearchResult(com.pungwe.db.core.io.volume.ByteBufferVolume,ByteBufferVolume,Class,Some(LineSourcePosition(/Users/ian/projects/java/pungwedb/core/src/main/java/com/pungwe/db/core/io/volume/ByteBuff
09:30:39.142 DEBUG akka://ENSIME/user/$a/5 o.e.s.RequestHandler - PublicSymbolSearchReq(List(Bt),5)
09:30:39.142 DEBUG akka://ENSIME/user/ensime-main/project o.e.c.Project - received handled message PublicSymbolSearchReq(List(Bt),5) in state handleRequests
09:30:39.142 DEBUG akka://ENSIME/user/ensime-main/project/indexer o.e.c.Indexer - received handled message PublicSymbolSearchReq(List(Bt),5)
09:30:39.148 DEBUG akka://ENSIME/user/$a/5 o.e.s.RequestHandler - received handled message SymbolSearchResults(List()) in state receive
09:30:39.681 DEBUG akka://ENSIME/user/$a/6 o.e.s.RequestHandler - PublicSymbolSearchReq(List(B),5)
09:30:39.682 DEBUG akka://ENSIME/user/ensime-main/project o.e.c.Project - received handled message PublicSymbolSearchReq(List(B),5) in state handleRequests
09:30:39.682 DEBUG akka://ENSIME/user/ensime-main/project/indexer o.e.c.Indexer - received handled message PublicSymbolSearchReq(List(B),5)
09:30:39.695 DEBUG akka://ENSIME/user/$a/6 o.e.s.RequestHandler - received handled message SymbolSearchResults(List(TypeSearchResult(com.pungwe.db.core.io.volume.ByteBufferVolume,ByteBufferVolume,Class,Some(LineSourcePosition(/Users/ian/projects/java/pungwedb/core/src/main/java/com/pungwe/db/core/io/volume/ByteBuff
09:30:39.918 DEBUG akka://ENSIME/user/$a/7 o.e.s.RequestHandler - PublicSymbolSearchReq(List(BT),5)
09:30:39.918 DEBUG akka://ENSIME/user/ensime-main/project o.e.c.Project - received handled message PublicSymbolSearchReq(List(BT),5) in state handleRequests
09:30:39.918 DEBUG akka://ENSIME/user/ensime-main/project/indexer o.e.c.Indexer - received handled message PublicSymbolSearchReq(List(BT),5)
09:30:39.931 DEBUG akka://ENSIME/user/$a/7 o.e.s.RequestHandler - received handled message SymbolSearchResults(List(TypeSearchResult(org.springframework.test.context.transaction.BeforeTransaction,BeforeTransaction,Class,Some(LineSourcePosition(/Users/ian/projects/java/pungwedb/core/.ensime_cache.d/dep-src/source-ja
09:30:40.165 DEBUG akka://ENSIME/user/$a/8 o.e.s.RequestHandler - PublicSymbolSearchReq(List(BTr),5)
09:30:40.166 DEBUG akka://ENSIME/user/ensime-main/project o.e.c.Project - received handled message PublicSymbolSearchReq(List(BTr),5) in state handleRequests
09:30:40.166 DEBUG akka://ENSIME/user/ensime-main/project/indexer o.e.c.Indexer - received handled message PublicSymbolSearchReq(List(BTr),5)
09:30:40.173 DEBUG akka://ENSIME/user/$a/8 o.e.s.RequestHandler - received handled message SymbolSearchResults(List(TypeSearchResult(com.pungwe.db.core.collections.BTreeMapTest,BTreeMapTest,Class,Some(LineSourcePosition(/Users/ian/projects/java/pungwedb/core/src/test/java/com/pungwe/db/core/collections/BTreeMapTest
09:30:40.492 DEBUG akka://ENSIME/user/$a/9 o.e.s.RequestHandler - PublicSymbolSearchReq(List(BTre),5)
09:30:40.492 DEBUG akka://ENSIME/user/ensime-main/project o.e.c.Project - received handled message PublicSymbolSearchReq(List(BTre),5) in state handleRequests
09:30:40.492 DEBUG akka://ENSIME/user/ensime-main/project/indexer o.e.c.Indexer - received handled message PublicSymbolSearchReq(List(BTre),5)
09:30:40.499 DEBUG akka://ENSIME/user/$a/9 o.e.s.RequestHandler - received handled message SymbolSearchResults(List(TypeSearchResult(com.pungwe.db.core.collections.BTreeMapTest,BTreeMapTest,Class,Some(LineSourcePosition(/Users/ian/projects/java/pungwedb/core/src/test/java/com/pungwe/db/core/collections/BTreeMapTest
09:32:12.106 DEBUG akka://ENSIME/user/ensime-main/project o.e.c.Project - received handled message AskReTypecheck in state handleRequests
09:32:12.106 DEBUG akka://ENSIME/user/ensime-main/project o.e.c.Project - received handled message AskReTypecheck in state handleRequests
09:32:12.154 DEBUG akka://ENSIME/user/ensime-main/project o.e.c.Project - received handled message AskReTypecheck in state handleRequests
09:32:12.155 DEBUG akka://ENSIME/user/ensime-main/project o.e.c.Project - received handled message AskReTypecheck in state handleRequests
09:32:12.175 DEBUG akka://ENSIME/user/ensime-main/project o.e.c.Project - received handled message AskReTypecheck in state handleRequests
09:32:17.194 DEBUG akka://ENSIME/user/ClassfileIndexer o.e.i.IndexingQueueActor - Indexing 5 files
